<?xml version="1.0" encoding="UTF-8"?>
<!-- Generated by org.testng.reporters.JUnitXMLReporter -->
<testsuite hostname="LAPTOP-0B3J07RQ" ignored="0" name="Test" tests="2" failures="0" timestamp="31 Dec 2019 12:28:54 GMT" time="0.734" errors="0">
  <testcase name="@BeforeMethod launchDriver" time="0.64" classname="com.example.demo.TestCase">
    <failure type="java.lang.NoSuchMethodError" message="com.google.common.util.concurrent.SimpleTimeLimiter.create(Ljava/util/concurrent/ExecutorService;)Lcom/google/common/util/concurrent/SimpleTimeLimiter;">
      <![CDATA[java.lang.NoSuchMethodError: com.google.common.util.concurrent.SimpleTimeLimiter.create(Ljava/util/concurrent/ExecutorService;)Lcom/google/common/util/concurrent/SimpleTimeLimiter;
at org.openqa.selenium.net.UrlChecker.<init>(UrlChecker.java:62)
at org.openqa.selenium.remote.service.DriverService.waitUntilAvailable(DriverService.java:197)
at org.openqa.selenium.remote.service.DriverService.start(DriverService.java:188)
at org.openqa.selenium.remote.service.DriverCommandExecutor.execute(DriverCommandExecutor.java:79)
at org.openqa.selenium.remote.RemoteWebDriver.execute(RemoteWebDriver.java:552)
at org.openqa.selenium.remote.RemoteWebDriver.startSession(RemoteWebDriver.java:213)
at org.openqa.selenium.remote.RemoteWebDriver.<init>(RemoteWebDriver.java:131)
at org.openqa.selenium.chrome.ChromeDriver.<init>(ChromeDriver.java:181)
at org.openqa.selenium.chrome.ChromeDriver.<init>(ChromeDriver.java:168)
at org.openqa.selenium.chrome.ChromeDriver.<init>(ChromeDriver.java:123)
at com.example.demo.TestCase.launchDriver(TestCase.java:19)
... Removed 28 stack frames]]>
    </failure>
  </testcase> <!-- @BeforeMethod launchDriver -->
  <testcase name="@AfterMethod quit" time="0.0" classname="com.example.demo.TestCase">
    <skipped/>
  </testcase> <!-- @AfterMethod quit -->
  <testcase name="@BeforeMethod launchDriver" time="0.0" classname="com.example.demo.TestCase">
    <skipped/>
  </testcase> <!-- @BeforeMethod launchDriver -->
  <testcase name="@AfterMethod quit" time="0.0" classname="com.example.demo.TestCase">
    <skipped/>
  </testcase> <!-- @AfterMethod quit -->
  <testcase name="@AfterTest test3" time="0.0" classname="com.example.demo.TestCase">
    <skipped/>
  </testcase> <!-- @AfterTest test3 -->
  <testcase name="test1" time="0.0" classname="com.example.demo.TestCase">
    <skipped/>
  </testcase> <!-- test1 -->
  <testcase name="test2" time="0.0" classname="com.example.demo.TestCase">
    <skipped/>
  </testcase> <!-- test2 -->
</testsuite> <!-- Test -->
